SF:lib/src/data/group_repository.dart
DA:47,4
DA:53,1
DA:57,1
DA:59,1
DA:60,4
DA:62,2
DA:65,1
DA:67,1
DA:68,5
DA:70,2
DA:73,1
DA:78,1
DA:79,3
DA:80,1
DA:81,1
DA:84,2
DA:87,1
DA:89,1
DA:90,3
DA:91,1
DA:92,1
DA:95,2
DA:98,1
DA:100,1
DA:101,4
DA:103,2
DA:106,1
DA:108,1
DA:109,3
DA:110,1
DA:111,1
DA:114,3
DA:115,1
DA:116,5
DA:121,0
DA:123,0
DA:124,0
DA:126,0
DA:129,1
DA:131,5
DA:134,1
DA:136,5
DA:139,1
DA:141,1
DA:142,3
DA:143,1
DA:144,1
DA:147,2
DA:150,1
DA:155,1
DA:156,3
DA:157,1
DA:158,1
DA:161,2
DA:164,1
DA:166,1
DA:167,3
DA:169,1
DA:172,3
DA:173,1
DA:177,2
DA:178,1
DA:181,2
DA:183,1
DA:186,1
DA:188,1
DA:189,3
DA:190,1
DA:191,1
DA:194,3
DA:197,1
DA:199,1
DA:200,3
DA:202,3
DA:205,1
DA:211,1
DA:212,3
DA:213,1
DA:214,1
DA:217,3
DA:220,1
DA:224,1
DA:225,0
DA:226,0
DA:227,0
DA:228,0
DA:230,0
DA:235,1
DA:236,2
DA:238,1
DA:239,1
DA:242,1
LF:92
LH:83
end_of_record
SF:lib/src/data/group_detail.dart
DA:6,8
DA:14,2
DA:15,1
DA:16,2
DA:17,2
DA:18,2
DA:19,1
DA:28,2
DA:29,8
DA:31,0
DA:32,0
DA:36,7
DA:50,7
DA:52,1
DA:53,1
DA:54,1
DA:58,2
DA:59,1
DA:62,2
DA:64,1
DA:65,3
DA:66,1
DA:67,1
DA:68,1
DA:69,1
DA:70,0
DA:72,1
DA:73,2
DA:74,2
DA:75,2
DA:76,2
DA:77,2
DA:78,2
DA:79,1
DA:80,1
DA:99,9
DA:101,1
DA:113,1
DA:114,1
DA:115,1
DA:116,1
DA:117,1
DA:118,1
DA:119,1
DA:120,1
DA:121,1
DA:123,1
DA:124,1
DA:125,1
DA:126,1
DA:127,1
DA:130,1
DA:131,1
DA:132,1
DA:133,1
DA:134,6
DA:137,2
DA:138,2
DA:139,2
DA:140,2
DA:141,2
DA:142,2
DA:143,2
DA:144,2
DA:145,2
DA:146,2
DA:147,2
DA:148,2
DA:149,2
DA:150,2
DA:151,2
DA:158,0
DA:161,1
DA:164,4
DA:168,4
DA:175,0
DA:177,0
DA:178,0
DA:181,1
DA:182,1
DA:183,1
DA:184,1
DA:186,2
DA:188,0
DA:191,1
DA:193,1
DA:194,2
DA:197,2
DA:199,1
DA:200,2
DA:201,1
DA:202,0
DA:207,1
DA:208,1
DA:209,2
DA:210,2
DA:212,0
DA:215,1
DA:216,1
DA:217,3
LF:100
LH:90
end_of_record
SF:lib/src/data/group_discovery.dart
DA:6,3
DA:17,1
DA:18,1
DA:19,1
DA:20,1
DA:21,1
DA:22,2
DA:23,1
DA:24,2
DA:25,2
DA:26,2
DA:38,2
DA:39,2
DA:40,2
DA:41,2
DA:42,2
DA:43,2
DA:44,2
DA:45,2
DA:46,0
DA:47,1
DA:50,2
DA:51,2
DA:52,2
DA:53,2
DA:54,2
DA:55,2
DA:56,2
DA:57,2
DA:58,2
DA:59,2
DA:64,4
DA:70,1
DA:71,1
DA:72,1
DA:73,2
DA:74,2
DA:75,1
DA:76,2
DA:85,0
DA:86,0
DA:92,3
DA:106,1
DA:107,1
DA:108,1
DA:109,1
DA:110,1
DA:111,2
DA:112,1
DA:113,1
DA:114,2
DA:115,1
DA:116,2
DA:117,1
DA:118,2
DA:121,1
DA:123,1
DA:124,1
DA:125,1
DA:126,1
DA:127,1
DA:128,2
DA:129,1
DA:130,1
DA:131,1
DA:132,1
DA:133,1
DA:134,1
DA:137,3
DA:138,2
DA:140,0
DA:155,6
DA:157,2
DA:158,2
DA:159,2
DA:160,2
DA:161,2
DA:162,2
DA:163,2
DA:164,2
DA:165,2
DA:166,2
DA:167,2
DA:168,2
DA:169,2
DA:174,7
DA:177,7
DA:179,1
DA:180,1
DA:181,1
DA:184,1
DA:185,1
DA:187,2
DA:188,1
DA:191,2
DA:193,1
DA:200,0
DA:201,0
DA:204,1
DA:205,1
DA:206,1
DA:210,1
DA:211,1
DA:212,2
DA:213,2
DA:215,0
DA:218,2
DA:220,1
DA:221,2
DA:222,1
DA:225,1
DA:226,2
DA:227,1
DA:231,1
DA:232,2
DA:234,0
DA:237,1
DA:238,2
DA:239,2
LF:119
LH:111
end_of_record
SF:lib/src/logic/create_group_cubit.dart
DA:8,2
DA:14,2
DA:15,2
DA:16,2
DA:19,6
DA:20,2
DA:21,8
DA:29,2
DA:30,6
DA:32,4
DA:33,2
DA:36,2
DA:37,6
DA:38,6
DA:40,10
DA:42,1
DA:45,1
DA:46,2
DA:48,1
DA:54,1
DA:55,3
DA:58,2
DA:59,12
DA:62,6
DA:63,4
DA:64,4
DA:66,6
DA:69,2
DA:70,4
DA:73,6
DA:75,4
DA:76,12
DA:77,2
DA:78,4
DA:79,2
DA:80,8
DA:82,2
DA:83,6
DA:87,1
DA:90,1
DA:91,2
DA:93,1
DA:101,2
DA:102,10
DA:103,4
DA:104,8
DA:107,2
DA:108,2
DA:109,0
DA:110,0
LF:50
LH:48
end_of_record
SF:lib/src/logic/create_group_state.dart
DA:5,2
DA:13,2
DA:14,2
DA:15,2
DA:25,6
DA:26,8
DA:28,2
DA:29,6
DA:30,2
DA:31,1
DA:33,1
DA:34,2
DA:35,3
DA:36,3
DA:37,3
DA:39,1
DA:42,2
DA:52,2
DA:53,2
DA:54,2
DA:55,2
DA:56,2
DA:57,2
DA:58,2
DA:59,2
DA:63,2
DA:64,2
DA:65,2
DA:66,2
DA:67,2
DA:68,2
DA:69,2
DA:70,2
DA:71,2
LF:34
LH:34
end_of_record
SF:lib/src/logic/group_detail_cubit.dart
DA:11,2
DA:17,2
DA:18,4
DA:19,1
DA:28,2
DA:29,6
DA:31,6
DA:32,2
DA:33,2
DA:34,4
DA:38,1
DA:39,1
DA:40,2
DA:42,1
DA:49,2
DA:50,2
DA:51,12
DA:52,2
DA:53,8
DA:58,1
DA:59,1
DA:60,1
DA:61,3
DA:62,2
DA:65,1
DA:66,4
DA:71,1
DA:72,4
DA:73,1
DA:74,4
DA:79,2
DA:80,4
DA:81,2
DA:82,2
DA:83,6
DA:88,0
DA:89,0
DA:93,0
DA:94,0
DA:98,1
DA:99,2
DA:100,3
DA:102,3
DA:103,4
DA:106,1
DA:107,1
DA:108,2
DA:110,1
DA:118,0
DA:119,0
DA:120,0
DA:123,2
DA:124,8
DA:125,6
DA:127,6
DA:128,2
DA:129,2
DA:130,4
DA:135,0
DA:136,0
DA:137,0
DA:139,0
DA:147,1
DA:148,4
DA:149,1
DA:150,3
DA:152,3
DA:153,1
DA:154,3
DA:158,0
DA:159,0
DA:160,0
DA:162,0
DA:168,1
DA:172,1
DA:173,4
DA:174,1
DA:175,1
DA:176,2
DA:177,1
DA:178,1
DA:185,1
DA:186,0
DA:187,0
DA:191,2
DA:198,2
DA:199,0
DA:202,1
DA:203,2
DA:204,1
DA:205,1
DA:206,1
DA:207,2
DA:208,1
DA:209,1
DA:210,1
DA:211,1
DA:212,3
DA:214,2
DA:215,1
DA:216,1
DA:217,1
DA:224,2
DA:228,4
DA:229,6
DA:231,2
DA:232,2
DA:233,2
DA:234,4
DA:244,0
DA:245,0
DA:246,0
DA:248,0
DA:256,2
DA:258,3
DA:259,2
DA:263,1
DA:264,1
DA:265,1
DA:266,1
DA:267,1
DA:268,1
DA:269,1
DA:270,1
DA:271,1
DA:272,1
DA:273,1
DA:274,1
DA:275,1
DA:276,1
LF:130
LH:108
end_of_record
SF:lib/src/logic/group_detail_state.dart
DA:6,5
DA:26,8
DA:28,2
DA:38,2
DA:39,2
DA:40,2
DA:41,2
DA:42,2
DA:43,2
DA:44,2
DA:45,2
DA:46,0
DA:49,2
DA:50,2
DA:51,2
DA:52,2
DA:53,2
DA:54,2
DA:55,2
DA:56,2
DA:57,2
DA:58,2
LF:22
LH:21
end_of_record
SF:lib/src/logic/group_list_cubit.dart
DA:7,2
DA:11,4
DA:16,2
DA:17,6
DA:19,4
DA:21,2
DA:24,2
DA:27,2
DA:28,4
DA:31,6
DA:35,2
DA:38,6
DA:42,0
DA:44,1
DA:45,6
DA:48,3
DA:50,2
DA:52,1
DA:53,3
DA:55,1
DA:58,1
DA:59,2
DA:60,4
DA:62,3
DA:66,0
DA:69,0
DA:73,2
DA:74,6
LF:28
LH:25
end_of_record
SF:lib/src/logic/group_list_state.dart
DA:5,2
DA:12,2
DA:21,2
DA:22,6
DA:23,2
DA:24,1
DA:26,2
DA:27,2
DA:28,2
DA:29,6
DA:31,2
DA:34,2
DA:43,2
DA:44,2
DA:45,2
DA:46,2
DA:47,2
DA:48,2
DA:49,2
DA:53,2
DA:54,2
DA:55,2
DA:56,2
DA:57,2
DA:58,2
DA:59,2
DA:60,2
LF:27
LH:27
end_of_record
SF:lib/src/logic/group_notification_cubit.dart
DA:11,2
DA:15,2
DA:16,8
DA:22,2
DA:23,6
DA:25,4
DA:26,2
DA:27,2
DA:28,4
DA:29,2
DA:30,2
DA:37,0
DA:38,0
DA:43,2
DA:47,6
DA:48,8
DA:50,4
DA:51,2
DA:52,2
DA:55,2
DA:56,2
DA:57,4
DA:58,4
DA:59,10
DA:60,2
DA:61,12
DA:69,0
DA:70,0
DA:71,0
DA:81,0
DA:83,1
DA:84,3
DA:85,1
DA:86,3
DA:87,4
DA:89,1
DA:90,1
DA:91,2
DA:92,3
DA:93,3
DA:98,1
DA:100,2
DA:101,1
LF:43
LH:37
end_of_record
SF:lib/src/logic/group_notification_state.dart
DA:6,6
DA:20,2
DA:26,2
DA:27,2
DA:28,2
DA:29,2
DA:31,2
DA:34,1
DA:38,2
DA:39,2
DA:40,2
DA:41,2
DA:42,2
DA:43,2
DA:44,2
LF:15
LH:15
end_of_record
SF:lib/src/logic/group_search_cubit.dart
DA:11,2
DA:13,2
DA:14,6
DA:15,2
DA:23,2
DA:24,2
DA:25,4
DA:26,2
DA:27,1
DA:30,2
DA:31,4
DA:39,4
DA:40,6
DA:41,2
DA:42,4
DA:51,3
DA:52,1
DA:53,2
DA:55,1
DA:62,2
DA:63,6
DA:64,2
DA:65,4
DA:66,2
DA:72,4
DA:73,2
DA:76,2
DA:77,2
DA:78,4
DA:79,2
DA:80,2
DA:81,4
DA:82,2
DA:83,2
DA:93,1
DA:94,1
DA:95,2
DA:97,1
DA:105,2
DA:106,6
DA:109,1
DA:110,3
DA:111,1
DA:112,2
DA:113,1
DA:114,1
DA:115,2
DA:116,2
DA:124,2
DA:127,4
DA:128,10
DA:129,2
DA:131,2
DA:133,4
DA:134,2
DA:138,1
DA:139,1
DA:140,1
DA:141,1
DA:142,1
DA:143,1
DA:144,0
DA:145,0
LF:63
LH:61
end_of_record
SF:lib/src/logic/group_search_state.dart
DA:6,5
DA:22,2
DA:29,2
DA:30,2
DA:31,2
DA:32,2
DA:34,2
DA:37,2
DA:40,2
DA:44,2
DA:45,2
DA:46,2
DA:47,2
DA:48,2
DA:49,2
DA:50,2
DA:51,2
LF:17
LH:17
end_of_record
SF:lib/src/view/create_group_page.dart
DA:14,1
DA:18,1
DA:20,1
DA:21,2
DA:22,1
DA:23,1
DA:24,1
DA:25,1
DA:32,4
DA:34,1
DA:36,1
DA:37,1
DA:38,3
DA:39,1
DA:40,1
DA:41,1
DA:42,1
DA:43,4
DA:45,1
DA:46,1
DA:47,1
DA:49,1
DA:50,1
DA:52,1
DA:53,1
DA:55,1
DA:56,1
DA:57,1
DA:58,2
DA:62,1
DA:67,3
DA:73,1
DA:74,1
DA:75,1
DA:77,1
DA:79,2
DA:86,1
DA:87,1
DA:88,1
DA:89,1
DA:90,2
DA:92,2
DA:102,1
DA:106,1
DA:108,5
DA:111,5
DA:112,1
DA:114,2
DA:116,2
DA:119,3
DA:120,1
DA:126,1
DA:128,1
DA:130,5
DA:132,1
DA:134,2
DA:135,1
DA:136,1
DA:138,1
DA:139,1
DA:147,1
DA:148,3
DA:149,2
DA:150,1
DA:152,4
DA:153,4
DA:154,1
DA:155,2
DA:158,3
LF:69
LH:69
end_of_record
SF:lib/src/view/group_details_page.dart
DA:20,1
DA:29,1
DA:31,1
DA:32,2
DA:33,1
DA:34,2
DA:35,1
DA:36,1
DA:37,2
DA:43,1
DA:47,1
DA:49,1
DA:50,1
DA:51,3
DA:52,3
DA:53,3
DA:54,3
DA:55,1
DA:56,1
DA:57,1
DA:58,2
DA:59,1
DA:60,3
DA:63,0
DA:64,0
DA:67,0
DA:68,0
DA:71,0
DA:73,0
DA:74,0
DA:75,0
DA:78,1
DA:79,1
DA:81,1
DA:82,0
DA:84,1
DA:85,1
DA:87,1
DA:88,0
DA:93,1
DA:100,1
DA:101,1
DA:102,1
DA:106,0
DA:107,0
DA:109,0
DA:116,1
DA:117,1
DA:118,1
DA:120,1
DA:121,1
DA:123,1
DA:124,1
DA:126,1
DA:127,1
DA:129,1
DA:130,2
DA:139,1
DA:140,1
DA:141,1
DA:142,1
DA:143,0
DA:145,1
DA:146,1
DA:147,0
DA:153,1
DA:154,1
DA:155,1
DA:156,1
DA:157,1
DA:158,1
DA:159,2
DA:160,2
DA:163,1
DA:166,1
DA:167,1
DA:173,1
DA:176,1
DA:177,2
DA:179,0
DA:188,1
DA:190,0
DA:193,1
DA:195,1
DA:196,1
DA:200,1
DA:202,1
DA:208,2
DA:209,1
DA:212,1
DA:219,2
DA:220,2
DA:227,2
DA:229,1
DA:230,1
DA:231,1
DA:238,1
DA:240,0
DA:244,1
DA:246,1
DA:248,1
DA:249,1
DA:254,1
DA:256,2
DA:259,1
DA:261,1
DA:263,1
DA:265,1
DA:266,1
DA:271,1
DA:277,1
DA:278,0
DA:288,0
DA:289,0
DA:290,0
DA:291,0
DA:292,0
DA:293,0
DA:294,0
DA:298,0
DA:300,0
DA:301,0
DA:302,0
DA:303,0
DA:304,0
DA:307,0
DA:308,0
DA:309,0
DA:311,0
DA:315,0
DA:316,0
DA:317,0
DA:319,0
DA:321,0
DA:322,0
DA:323,0
DA:324,0
DA:327,0
DA:329,0
DA:330,0
DA:336,0
DA:337,0
DA:341,1
DA:342,1
DA:344,2
DA:347,1
DA:348,1
DA:349,0
DA:352,1
DA:354,1
DA:355,3
DA:361,2
DA:362,2
DA:366,0
DA:367,0
DA:369,0
DA:372,0
DA:373,0
DA:374,0
DA:377,0
DA:379,0
DA:380,0
DA:386,0
DA:387,0
DA:391,0
DA:395,0
DA:396,0
DA:397,0
DA:398,0
DA:399,0
DA:400,0
DA:401,0
DA:402,0
DA:403,0
DA:409,0
DA:413,0
DA:414,0
DA:415,0
DA:416,0
DA:417,0
DA:418,0
DA:424,0
DA:426,0
DA:429,0
DA:431,0
LF:185
LH:103
end_of_record
SF:lib/src/view/group_announcement_page.dart
DA:5,1
DA:20,1
DA:21,1
DA:29,1
DA:31,1
DA:32,4
DA:33,6
DA:36,1
DA:38,2
DA:39,1
DA:42,1
DA:44,1
DA:45,1
DA:47,1
DA:48,2
DA:49,1
DA:51,1
DA:53,1
DA:54,1
DA:55,0
DA:56,2
DA:61,1
DA:63,3
DA:68,2
DA:70,1
DA:83,1
DA:84,3
DA:93,2
DA:94,1
DA:95,6
DA:96,1
DA:97,5
DA:98,4
DA:99,1
DA:100,1
DA:103,1
DA:104,1
DA:106,1
DA:107,1
DA:108,2
DA:116,2
DA:118,1
DA:131,1
DA:132,3
DA:133,5
DA:134,3
DA:135,3
DA:136,1
DA:137,3
DA:138,3
DA:142,3
LF:51
LH:50
end_of_record
SF:lib/src/view/group_name_edit_page.dart
DA:5,2
DA:14,2
DA:15,2
DA:22,2
DA:24,2
DA:25,8
DA:28,2
DA:30,4
DA:31,2
DA:34,2
DA:36,2
DA:37,2
DA:39,2
DA:40,2
DA:42,4
DA:48,2
DA:50,2
DA:52,2
DA:56,0
DA:67,2
DA:68,6
DA:69,10
DA:70,6
DA:71,6
DA:72,2
DA:73,6
DA:74,6
LF:27
LH:26
end_of_record
SF:lib/src/view/group_notifications_page.dart
DA:11,0
DA:13,1
DA:15,1
DA:16,1
DA:17,3
DA:18,0
DA:19,0
DA:20,0
DA:21,0
DA:22,0
DA:23,0
DA:25,2
DA:26,1
DA:28,1
DA:33,1
DA:34,3
DA:37,2
DA:38,1
DA:39,2
DA:40,1
DA:54,1
DA:55,2
DA:56,1
DA:57,2
DA:58,0
DA:59,1
DA:60,2
DA:61,1
DA:63,3
DA:64,2
DA:65,2
DA:72,1
DA:78,1
DA:80,2
DA:82,3
DA:83,1
DA:84,1
DA:85,0
DA:88,1
DA:90,1
DA:93,3
DA:99,2
DA:101,2
LF:43
LH:34
end_of_record
SF:lib/src/view/group_member_picker_page.dart
DA:10,0
DA:14,1
DA:15,1
DA:25,1
DA:27,1
DA:28,1
DA:31,1
DA:32,2
DA:33,1
DA:34,1
DA:37,3
DA:38,1
DA:39,2
DA:40,1
DA:41,1
DA:42,5
DA:44,1
DA:45,1
DA:48,0
DA:49,0
DA:50,0
DA:51,0
DA:57,1
DA:59,3
DA:60,1
DA:61,2
DA:62,1
DA:63,0
DA:64,0
DA:66,1
DA:67,1
DA:69,1
DA:70,1
DA:72,1
DA:73,1
DA:75,2
DA:77,3
DA:78,1
DA:79,1
DA:80,4
DA:82,1
DA:84,4
DA:90,1
DA:91,1
DA:92,1
DA:94,1
DA:96,0
DA:103,1
DA:104,1
DA:105,1
DA:107,1
DA:109,2
DA:115,1
DA:116,1
DA:117,1
DA:118,0
DA:119,0
DA:120,0
DA:122,0
DA:126,1
DA:129,1
DA:130,1
DA:131,2
DA:132,1
DA:134,1
DA:135,1
DA:142,1
DA:143,1
DA:145,3
DA:147,2
DA:150,1
DA:155,1
DA:156,2
DA:157,2
DA:158,4
DA:159,1
LF:76
LH:64
end_of_record
SF:lib/src/view/my_groups_page.dart
DA:11,0
DA:13,1
DA:15,1
DA:16,1
DA:17,2
DA:18,1
DA:25,4
DA:27,1
DA:29,1
DA:30,1
DA:32,1
DA:33,1
DA:34,1
DA:36,1
DA:38,2
DA:45,1
DA:46,1
DA:47,1
DA:48,3
DA:51,3
DA:52,1
DA:54,1
DA:56,2
DA:59,2
DA:65,1
DA:66,0
DA:67,0
DA:68,0
DA:72,1
DA:73,2
DA:74,1
DA:78,3
DA:79,1
DA:80,1
DA:81,1
DA:82,3
DA:90,2
DA:91,1
DA:93,3
LF:39
LH:35
end_of_record
SF:lib/src/view/private_chat_details_page.dart
DA:6,1
DA:15,1
DA:17,1
DA:18,1
DA:20,1
DA:22,1
DA:24,1
DA:25,1
DA:27,1
DA:28,1
DA:29,1
DA:30,1
DA:31,2
DA:32,3
DA:34,1
DA:37,1
DA:38,1
DA:39,2
DA:40,4
DA:49,1
DA:51,4
LF:21
LH:21
end_of_record
SF:lib/src/view/search_group_page.dart
DA:16,0
DA:20,1
DA:22,1
DA:23,2
DA:24,1
DA:25,1
DA:27,2
DA:33,1
DA:37,1
DA:38,1
DA:45,1
DA:47,2
DA:48,2
DA:49,1
DA:52,1
DA:54,1
DA:55,1
DA:56,3
DA:57,3
DA:58,1
DA:59,1
DA:60,1
DA:62,0
DA:64,1
DA:65,1
DA:66,1
DA:67,0
DA:69,0
DA:72,2
DA:74,1
DA:75,1
DA:76,1
DA:78,1
DA:79,1
DA:80,1
DA:88,1
DA:90,1
DA:98,1
DA:99,2
DA:102,1
DA:103,2
DA:111,1
DA:112,2
DA:120,3
DA:128,1
DA:130,2
DA:131,0
DA:132,1
DA:133,2
DA:134,1
DA:136,3
DA:137,3
DA:143,1
DA:144,1
DA:145,2
DA:147,4
DA:151,1
DA:152,1
DA:153,0
DA:154,0
DA:155,0
DA:159,1
DA:160,1
DA:161,2
DA:163,3
DA:164,1
DA:165,1
DA:166,0
DA:169,1
DA:171,3
DA:177,2
DA:178,3
DA:182,0
DA:183,0
DA:184,0
DA:185,0
DA:186,0
DA:187,0
DA:189,0
DA:191,0
DA:193,0
DA:194,0
DA:196,0
DA:198,0
DA:199,0
DA:201,0
DA:202,0
DA:203,0
DA:204,0
DA:205,0
DA:209,0
DA:210,0
DA:212,0
DA:213,0
DA:214,0
DA:221,0
DA:222,0
DA:237,0
DA:242,0
DA:251,0
DA:252,0
DA:253,0
DA:256,0
DA:258,0
DA:260,0
DA:266,0
DA:269,1
DA:270,2
DA:271,1
DA:272,3
LF:110
LH:67
end_of_record
SF:lib/src/view/transfer_group_owner_page.dart
DA:7,1
DA:16,1
DA:17,1
DA:23,1
DA:25,2
DA:26,3
DA:27,1
DA:28,1
DA:29,1
DA:31,1
DA:33,1
DA:34,0
DA:35,1
DA:36,1
DA:37,1
DA:38,3
DA:39,1
DA:41,1
DA:42,1
DA:44,1
DA:45,1
DA:46,2
DA:48,1
DA:50,2
DA:52,2
DA:59,1
DA:60,1
DA:61,1
DA:62,2
DA:64,3
DA:65,1
DA:66,1
DA:67,0
DA:70,1
DA:72,3
DA:78,2
DA:79,3
DA:80,4
DA:81,1
DA:82,3
DA:83,3
LF:41
LH:39
end_of_record
SF:lib/src/view/widgets/group_feedback_view.dart
DA:5,6
DA:18,2
DA:20,2
DA:21,2
DA:23,2
DA:25,2
DA:26,4
DA:28,4
DA:29,6
DA:31,8
LF:10
LH:10
end_of_record
SF:lib/src/view/widgets/selectable_friend_tile.dart
DA:6,2
DA:19,2
DA:21,2
DA:22,8
DA:23,4
DA:24,2
DA:25,4
DA:26,6
DA:28,2
DA:30,2
DA:31,4
DA:36,2
DA:37,2
DA:38,2
DA:40,2
DA:43,4
LF:16
LH:16
end_of_record
SF:lib/src/view/widgets/selected_friend_strip.dart
DA:6,2
DA:19,2
DA:21,2
DA:22,10
DA:23,2
DA:24,2
DA:27,2
DA:29,2
DA:33,2
DA:34,1
DA:35,2
DA:36,2
DA:37,6
DA:38,2
DA:40,2
DA:42,2
DA:43,2
DA:46,2
DA:48,1
DA:49,3
DA:50,2
DA:51,2
DA:52,4
DA:54,2
DA:55,4
DA:57,2
DA:62,2
DA:65,2
DA:66,4
DA:67,2
DA:69,4
DA:70,2
DA:71,2
DA:72,4
DA:75,3
DA:76,2
DA:79,2
DA:80,2
LF:38
LH:38
end_of_record
SF:lib/src/view/widgets/group_member_grid.dart
DA:7,1
DA:24,1
DA:26,5
DA:27,1
DA:38,1
DA:39,3
DA:40,2
DA:41,1
DA:43,1
DA:44,0
DA:47,3
DA:48,1
DA:51,1
DA:54,1
DA:55,1
DA:56,1
DA:57,1
DA:58,1
LF:18
LH:17
end_of_record
SF:lib/src/view/widgets/group_name_editor.dart
DA:7,1
DA:18,1
DA:20,1
DA:23,2
DA:24,1
DA:30,3
DA:34,1
DA:35,2
DA:36,1
DA:37,4
LF:10
LH:10
end_of_record
SF:lib/src/view/widgets/group_join_request_tile.dart
DA:7,1
DA:20,1
DA:22,1
DA:24,1
DA:26,1
DA:27,1
DA:28,2
DA:29,3
DA:31,1
DA:34,1
DA:35,1
DA:37,1
DA:38,1
DA:39,2
DA:47,1
DA:48,3
DA:53,4
DA:55,1
DA:56,3
DA:69,1
DA:75,1
DA:76,2
DA:77,1
DA:79,1
DA:80,3
DA:88,1
DA:97,1
DA:99,1
DA:100,1
DA:102,1
DA:109,1
DA:111,1
DA:114,1
DA:115,1
DA:118,1
LF:35
LH:35
end_of_record
SF:lib/src/view/widgets/group_search_result_tile.dart
DA:7,1
DA:18,1
DA:20,1
DA:22,1
DA:23,1
DA:24,1
DA:25,2
DA:26,2
DA:28,1
DA:31,1
DA:32,1
DA:34,1
DA:35,1
DA:36,2
DA:46,1
DA:47,5
DA:60,1
DA:66,1
DA:67,1
DA:73,4
DA:74,1
DA:75,1
DA:76,2
DA:79,1
DA:81,1
DA:83,1
DA:84,2
DA:92,2
DA:93,0
DA:95,0
DA:100,0
DA:101,0
DA:104,0
DA:108,1
DA:110,1
DA:113,2
DA:115,1
LF:37
LH:32
end_of_record
SF:lib/src/view/widgets/group_member_tile.dart
DA:7,1
DA:18,1
DA:20,1
DA:21,4
DA:22,1
DA:23,1
DA:24,1
DA:26,1
DA:28,1
DA:29,1
DA:31,1
DA:32,1
DA:33,2
DA:34,3
DA:36,1
DA:38,2
DA:39,1
DA:57,1
DA:58,0
DA:79,1
DA:80,2
DA:97,1
DA:110,1
DA:112,1
DA:113,1
DA:114,3
DA:115,1
DA:116,1
DA:117,1
DA:119,1
DA:121,1
DA:122,1
DA:125,1
DA:126,1
DA:127,1
DA:129,1
DA:130,2
DA:132,2
DA:135,1
DA:136,1
DA:137,1
LF:41
LH:40
end_of_record
