SF:lib/src/data/search_history_store.dart
DA:12,3
DA:17,2
DA:19,2
DA:20,2
DA:21,2
DA:25,2
DA:27,2
DA:28,2
DA:29,2
DA:30,2
DA:31,2
DA:33,4
DA:34,4
DA:35,2
DA:36,2
DA:39,2
DA:41,2
DA:42,2
LF:18
LH:18
end_of_record
SF:lib/src/data/search_models.dart
DA:6,3
DA:10,3
DA:12,1
DA:13,1
DA:14,1
DA:15,2
DA:18,1
DA:19,1
DA:20,1
DA:22,2
DA:24,2
DA:25,1
DA:28,2
DA:30,1
DA:38,0
DA:39,0
LF:16
LH:14
end_of_record
SF:lib/src/data/search_repository.dart
DA:22,1
DA:26,1
DA:28,2
DA:30,1
DA:32,2
DA:35,1
DA:37,2
DA:39,1
DA:41,1
DA:42,1
DA:48,1
DA:50,2
DA:52,1
DA:54,1
DA:55,1
DA:61,1
DA:66,2
DA:67,1
DA:68,1
DA:70,2
DA:74,1
DA:79,1
DA:80,2
DA:83,2
DA:84,1
DA:85,0
DA:87,2
DA:89,1
LF:28
LH:27
end_of_record
SF:lib/src/logic/conversation_search_cubit.dart
DA:7,2
DA:12,2
DA:18,2
DA:19,2
DA:20,4
DA:21,2
DA:22,1
DA:25,2
DA:26,2
DA:33,4
DA:34,2
DA:37,3
DA:38,1
DA:39,1
DA:47,3
DA:48,1
DA:49,1
LF:17
LH:17
end_of_record
SF:lib/src/logic/conversation_search_state.dart
DA:5,4
DA:19,0
DA:26,0
DA:27,0
DA:28,0
DA:29,0
DA:30,0
DA:31,0
DA:35,2
DA:36,2
DA:37,2
DA:38,2
DA:39,2
DA:40,2
DA:41,2
LF:15
LH:8
end_of_record
SF:lib/src/logic/search_cubit.dart
DA:8,2
DA:13,2
DA:19,1
DA:21,2
DA:22,4
DA:28,2
DA:29,2
DA:30,4
DA:31,2
DA:32,0
DA:33,0
DA:38,2
DA:39,2
DA:41,2
DA:42,4
DA:46,4
DA:47,2
DA:48,2
DA:49,2
DA:51,6
DA:53,4
DA:54,6
DA:55,6
DA:62,0
DA:64,1
DA:66,2
DA:68,4
DA:72,0
DA:73,0
DA:74,0
DA:75,0
DA:76,0
DA:77,0
DA:78,0
DA:79,0
DA:82,0
DA:85,2
DA:92,2
DA:93,4
DA:94,2
DA:97,4
DA:99,2
DA:100,4
DA:101,2
DA:104,4
DA:106,2
DA:107,4
DA:108,2
DA:111,4
DA:115,3
DA:116,1
DA:117,2
DA:118,4
DA:119,4
DA:125,2
DA:130,6
DA:131,2
DA:132,2
DA:133,8
DA:134,8
LF:60
LH:48
end_of_record
SF:lib/src/logic/search_state.dart
DA:10,4
DA:30,6
DA:32,6
DA:34,2
DA:44,2
DA:45,2
DA:46,2
DA:47,2
DA:48,2
DA:49,2
DA:50,2
DA:51,2
DA:52,2
DA:56,2
DA:57,2
DA:58,2
DA:59,2
DA:60,2
DA:61,2
DA:62,2
DA:63,2
DA:64,2
DA:65,2
LF:23
LH:23
end_of_record
SF:lib/src/view/conversation_search_page.dart
DA:15,1
DA:19,1
DA:21,1
DA:22,2
DA:23,1
DA:24,2
DA:26,2
DA:32,1
DA:36,1
DA:38,1
DA:44,1
DA:46,2
DA:47,1
DA:50,1
DA:52,1
DA:53,1
DA:55,1
DA:56,1
DA:57,1
DA:59,1
DA:63,1
DA:64,4
DA:67,1
DA:68,2
DA:71,1
DA:73,1
DA:74,1
DA:75,1
DA:78,1
DA:79,0
DA:81,0
DA:82,0
DA:83,0
DA:86,1
DA:89,2
DA:92,1
DA:93,2
DA:94,0
DA:96,1
DA:97,2
DA:98,1
DA:100,1
DA:101,3
DA:102,1
DA:103,2
DA:105,1
DA:120,1
DA:121,1
DA:122,2
DA:124,4
DA:130,3
DA:135,1
DA:137,1
DA:138,1
DA:140,1
DA:141,2
DA:142,1
DA:144,0
LF:58
LH:52
end_of_record
SF:lib/src/view/message_detail_page.dart
DA:10,1
DA:21,1
DA:23,1
DA:24,5
DA:26,1
DA:28,3
DA:29,0
DA:30,2
DA:31,3
DA:32,1
DA:33,0
DA:41,1
DA:52,1
DA:54,4
DA:58,1
DA:68,1
DA:70,1
DA:71,4
DA:73,1
DA:74,2
DA:75,2
DA:77,1
DA:79,1
DA:80,4
DA:81,0
DA:82,2
DA:85,1
DA:87,1
DA:88,2
DA:89,1
DA:95,1
DA:96,3
DA:99,1
DA:104,1
DA:105,1
DA:106,3
DA:107,7
LF:37
LH:34
end_of_record
SF:lib/src/view/search_page.dart
DA:18,1
DA:27,1
DA:29,1
DA:30,2
DA:31,1
DA:33,1
DA:34,1
DA:35,1
DA:36,1
DA:43,1
DA:51,1
DA:52,1
DA:60,1
DA:62,2
DA:63,2
DA:64,1
DA:67,1
DA:69,1
DA:70,1
DA:72,1
DA:73,1
DA:74,1
DA:76,1
DA:78,1
DA:85,1
DA:86,1
DA:89,1
DA:90,1
DA:91,1
DA:92,4
DA:100,1
DA:101,2
DA:109,1
DA:111,1
DA:112,1
DA:113,1
DA:120,1
DA:122,3
DA:127,1
DA:130,1
DA:131,1
DA:132,2
DA:133,2
DA:135,1
DA:136,0
DA:139,1
DA:145,1
DA:146,1
DA:148,1
DA:149,1
DA:153,2
DA:154,1
DA:156,1
DA:157,3
DA:160,1
DA:164,2
DA:165,1
DA:167,1
DA:168,3
DA:171,1
DA:175,2
DA:176,2
DA:177,4
DA:178,1
DA:184,1
DA:191,1
DA:192,1
DA:193,1
DA:194,3
DA:195,1
DA:197,1
DA:199,1
DA:200,1
DA:202,1
DA:203,1
DA:204,1
DA:205,1
DA:214,0
DA:221,0
DA:222,0
DA:224,0
DA:225,0
DA:232,0
DA:233,0
DA:234,0
DA:235,0
DA:241,1
DA:242,0
DA:249,1
DA:250,1
DA:251,1
DA:252,1
DA:253,3
DA:254,3
DA:255,2
DA:257,3
DA:265,1
DA:266,3
DA:267,1
DA:268,1
DA:272,1
DA:273,2
DA:275,2
DA:278,1
DA:279,1
DA:280,3
DA:281,1
DA:282,1
DA:283,2
DA:285,1
DA:287,1
DA:288,1
DA:291,3
DA:293,0
DA:294,0
DA:298,4
DA:302,1
DA:303,1
DA:304,3
DA:305,1
DA:306,1
DA:307,1
DA:310,1
DA:311,1
DA:314,3
DA:315,0
DA:319,1
DA:320,1
DA:321,5
DA:322,1
DA:323,3
DA:324,1
DA:325,1
DA:326,1
DA:327,1
DA:330,0
DA:331,0
DA:332,0
DA:334,0
DA:336,1
DA:337,3
DA:340,1
DA:347,1
DA:348,2
DA:349,0
DA:352,3
DA:353,1
DA:354,2
DA:357,2
DA:365,1
DA:366,1
DA:367,2
DA:369,2
DA:373,1
DA:374,2
DA:375,2
DA:376,3
DA:379,0
DA:380,0
DA:381,0
DA:382,0
LF:161
LH:138
end_of_record
SF:lib/src/view/single_message_page.dart
DA:9,1
DA:18,1
DA:20,4
DA:21,0
DA:22,2
DA:23,1
DA:24,1
DA:26,1
DA:28,1
DA:29,1
DA:31,1
DA:32,1
DA:34,1
DA:35,1
DA:36,1
DA:37,1
DA:38,2
DA:39,2
DA:41,1
DA:44,1
DA:45,1
DA:47,1
DA:48,1
DA:56,1
DA:57,3
DA:69,1
DA:71,2
DA:72,1
LF:28
LH:27
end_of_record
SF:lib/src/view/widgets/highlight_text.dart
DA:5,1
DA:22,1
DA:24,1
DA:25,1
DA:26,2
DA:27,1
DA:28,1
DA:32,1
DA:33,2
DA:34,1
DA:35,2
DA:36,1
DA:37,1
DA:39,3
DA:40,1
DA:41,1
DA:42,4
DA:45,1
DA:46,1
DA:47,3
DA:50,2
DA:51,1
DA:52,1
DA:53,2
DA:55,1
DA:56,1
DA:64,1
LF:27
LH:27
end_of_record
