SF:lib/src/data/message.dart
DA:11,2
DA:18,2
DA:19,2
DA:20,2
DA:21,8
DA:22,0
DA:25,2
DA:26,2
DA:27,2
DA:28,2
DA:29,2
DA:38,0
DA:39,0
DA:43,3
DA:51,6
DA:52,6
DA:53,6
DA:54,6
DA:55,6
DA:56,6
DA:65,2
DA:66,4
DA:67,2
DA:68,2
DA:69,6
DA:72,0
DA:73,0
DA:74,0
DA:75,0
DA:76,0
DA:77,0
DA:78,0
DA:83,2
DA:90,4
DA:91,4
DA:92,4
DA:93,4
DA:94,4
DA:102,6
DA:104,0
DA:105,0
DA:109,5
DA:123,2
DA:124,2
DA:125,4
DA:126,4
DA:127,4
DA:128,4
DA:129,2
DA:130,4
DA:131,7
DA:132,4
DA:133,4
DA:135,4
DA:139,2
DA:140,2
DA:141,2
DA:142,2
DA:143,4
DA:144,2
DA:145,4
DA:146,2
DA:147,4
DA:148,2
DA:149,4
DA:152,6
DA:156,2
DA:165,2
DA:166,2
DA:167,4
DA:193,3
DA:194,9
DA:195,6
DA:196,6
DA:197,9
DA:198,3
DA:199,12
DA:200,2
DA:201,8
DA:202,2
DA:203,4
DA:205,4
DA:206,0
DA:211,1
DA:220,1
DA:221,1
DA:222,1
DA:223,1
DA:224,1
DA:225,1
DA:226,1
DA:227,1
DA:228,1
DA:230,1
DA:232,1
DA:233,1
DA:237,3
DA:238,3
DA:239,3
DA:240,3
DA:241,3
DA:242,3
DA:246,2
DA:247,2
DA:248,2
DA:249,2
DA:250,1
DA:251,1
DA:252,1
DA:255,3
DA:256,3
DA:257,4
DA:258,1
DA:259,1
DA:260,2
DA:265,1
DA:266,1
DA:267,1
DA:268,1
DA:269,1
DA:270,1
DA:271,1
DA:272,1
DA:273,1
DA:274,1
DA:275,1
DA:276,1
DA:277,1
DA:281,2
DA:282,3
DA:283,2
DA:284,4
DA:287,8
DA:288,4
DA:289,10
DA:291,2
DA:292,6
DA:293,4
DA:295,1
LF:139
LH:126
end_of_record
SF:lib/src/logic/chat_state.dart
DA:8,4
DA:15,0
DA:26,1
DA:27,5
DA:31,4
DA:32,1
DA:37,3
DA:41,3
DA:45,2
DA:61,1
DA:69,1
DA:70,1
DA:71,1
DA:72,1
DA:74,1
DA:77,1
DA:79,1
DA:83,1
DA:84,1
DA:85,1
DA:86,1
DA:87,1
DA:88,1
DA:89,1
DA:90,1
DA:95,3
DA:97,0
DA:98,0
LF:28
LH:25
end_of_record
SF:lib/src/view/bubble/file_bubble.dart
DA:8,1
DA:19,1
DA:21,2
DA:22,1
DA:25,1
DA:26,1
DA:29,1
DA:30,1
DA:31,1
DA:32,1
DA:34,1
DA:36,1
DA:37,1
DA:44,1
DA:45,1
DA:47,1
DA:48,1
DA:49,3
DA:50,1
DA:51,0
DA:57,1
DA:58,4
DA:64,3
DA:65,1
DA:67,3
DA:73,2
DA:84,1
DA:87,1
DA:88,2
DA:89,1
DA:93,0
DA:97,0
LF:32
LH:29
end_of_record
SF:lib/src/view/bubble/group_invitation_bubble.dart
DA:7,1
DA:18,1
DA:19,1
DA:27,1
DA:29,3
DA:31,1
DA:35,1
DA:37,1
DA:38,1
DA:47,1
DA:49,1
DA:50,1
DA:51,1
DA:52,1
DA:55,1
DA:57,1
DA:65,1
DA:66,1
DA:68,1
DA:78,1
DA:79,1
DA:93,1
DA:94,2
DA:100,1
DA:102,0
DA:103,0
DA:107,3
DA:109,1
DA:111,1
DA:113,2
DA:115,2
DA:116,1
DA:118,1
DA:119,1
DA:122,1
DA:130,2
DA:139,1
DA:140,2
DA:142,2
DA:143,1
DA:144,1
DA:147,2
DA:148,1
DA:149,2
DA:150,1
DA:151,1
DA:155,0
DA:156,0
DA:157,0
DA:158,0
LF:50
LH:44
end_of_record
SF:lib/src/view/bubble/image_bubble.dart
DA:9,1
DA:20,1
DA:22,2
DA:23,2
DA:24,3
DA:26,0
DA:27,1
DA:28,1
DA:30,0
DA:35,1
DA:37,1
DA:38,1
DA:39,1
DA:40,1
DA:43,1
DA:45,1
DA:47,3
DA:48,0
DA:49,0
DA:51,0
DA:52,0
DA:53,0
LF:22
LH:15
end_of_record
SF:lib/src/view/bubble/message_bubble.dart
DA:13,2
DA:36,2
DA:38,4
DA:39,3
DA:40,1
DA:42,1
DA:44,1
DA:58,2
DA:59,2
DA:60,1
DA:61,4
DA:62,4
DA:64,2
DA:66,4
DA:67,10
DA:68,2
DA:69,1
DA:70,1
DA:71,1
DA:73,2
DA:74,1
DA:75,1
DA:76,1
DA:78,2
DA:79,1
DA:80,1
DA:81,1
DA:83,2
DA:84,1
DA:85,1
DA:86,1
DA:88,0
DA:91,2
DA:93,2
DA:94,2
DA:98,2
DA:99,4
DA:100,2
DA:101,2
DA:102,2
DA:105,2
DA:106,12
DA:107,2
DA:108,4
DA:117,2
DA:120,2
DA:121,5
DA:122,3
DA:123,2
DA:129,3
DA:137,1
DA:140,1
DA:141,1
DA:142,1
DA:146,1
DA:151,1
LF:56
LH:55
end_of_record
SF:lib/src/view/bubble/text_bubble.dart
DA:5,2
DA:10,2
DA:12,2
DA:14,2
DA:15,2
DA:16,4
DA:17,2
DA:20,4
DA:21,4
DA:24,2
DA:26,2
DA:27,2
DA:28,2
DA:29,2
LF:14
LH:14
end_of_record
SF:lib/src/view/bubble/video_bubble.dart
DA:9,1
DA:20,1
DA:22,4
DA:23,4
DA:25,0
DA:26,1
DA:29,0
DA:36,1
DA:38,1
DA:39,1
DA:40,1
DA:41,1
DA:44,1
DA:46,1
DA:55,1
DA:58,1
DA:59,3
DA:63,3
DA:64,0
DA:65,0
DA:67,0
DA:68,0
LF:22
LH:16
end_of_record
SF:lib/src/data/message_repository.dart
DA:41,2
DA:50,1
DA:51,1
DA:52,2
DA:53,2
DA:54,2
DA:55,2
DA:56,2
DA:57,2
DA:69,2
DA:78,1
DA:79,1
DA:80,2
DA:81,2
DA:82,2
DA:83,2
DA:84,2
DA:85,2
DA:97,2
DA:104,1
DA:105,1
DA:106,2
DA:107,2
DA:108,2
DA:109,2
DA:119,1
DA:123,1
DA:124,1
DA:125,3
DA:126,6
DA:129,1
DA:135,1
DA:136,1
DA:138,2
DA:139,1
DA:142,1
DA:143,1
DA:147,2
DA:148,1
DA:151,1
DA:152,1
DA:153,1
DA:154,1
DA:155,1
DA:159,1
DA:164,2
DA:166,3
DA:169,3
DA:170,1
DA:171,2
DA:172,2
DA:173,1
DA:174,1
DA:175,1
DA:176,1
DA:180,1
DA:189,2
DA:191,2
DA:192,1
DA:193,1
DA:200,3
DA:201,1
DA:202,2
DA:203,2
DA:204,1
DA:205,1
DA:206,1
DA:207,1
DA:211,1
DA:216,2
DA:218,3
DA:221,3
DA:222,1
DA:223,2
DA:224,1
DA:225,1
DA:226,1
DA:230,1
DA:236,2
DA:237,1
DA:244,1
DA:245,2
DA:246,1
DA:247,4
DA:249,2
DA:251,1
DA:256,1
DA:257,5
DA:259,1
DA:263,1
DA:264,2
DA:268,1
DA:269,2
DA:271,1
DA:272,6
DA:273,0
LF:96
LH:95
end_of_record
SF:lib/src/data/video_thumbnail_service.dart
DA:8,1
DA:26,1
DA:27,1
DA:31,0
DA:33,0
DA:35,0
DA:36,0
DA:43,0
DA:44,0
DA:47,0
DA:49,0
DA:50,0
DA:52,0
DA:53,0
DA:54,0
DA:57,0
LF:16
LH:3
end_of_record
SF:lib/src/logic/chat_cubit.dart
DA:17,2
DA:37,2
DA:38,8
DA:39,2
DA:41,10
DA:61,2
DA:62,2
DA:64,4
DA:65,4
DA:68,2
DA:69,6
DA:72,1
DA:76,0
DA:77,0
DA:78,0
DA:81,0
DA:82,0
DA:83,0
DA:84,0
DA:87,0
DA:89,0
DA:90,0
DA:94,0
DA:95,0
DA:96,0
DA:97,0
DA:98,0
DA:99,0
DA:104,0
DA:105,0
DA:106,0
DA:111,1
DA:112,1
DA:113,3
DA:114,1
DA:115,1
DA:116,1
DA:117,1
DA:123,1
DA:124,2
DA:125,1
DA:126,1
DA:128,2
DA:130,1
DA:132,1
DA:133,1
DA:134,1
DA:135,1
DA:136,1
DA:137,1
DA:138,1
DA:140,2
DA:141,1
DA:142,1
DA:143,1
DA:148,2
DA:152,1
DA:153,2
DA:156,2
DA:157,1
DA:159,1
DA:160,1
DA:161,1
DA:162,2
DA:164,1
DA:165,1
DA:169,1
DA:170,2
DA:172,1
DA:173,1
DA:174,1
DA:175,1
DA:176,1
DA:178,1
DA:180,2
DA:181,2
DA:182,2
DA:183,2
DA:184,2
DA:185,2
DA:187,2
DA:188,1
DA:189,1
DA:190,1
DA:192,1
DA:195,0
DA:199,0
DA:200,0
DA:201,0
DA:202,0
DA:205,0
DA:208,0
DA:209,0
DA:210,0
DA:214,0
DA:216,0
DA:218,0
DA:220,0
DA:221,0
DA:222,0
DA:223,0
DA:224,0
DA:226,0
DA:227,0
DA:228,0
DA:232,0
DA:233,0
DA:234,0
DA:239,0
DA:243,1
DA:248,1
DA:249,1
DA:250,2
DA:251,3
DA:252,1
DA:254,5
DA:255,1
DA:263,2
DA:266,1
DA:267,1
DA:269,1
DA:271,3
DA:276,1
DA:278,1
DA:285,1
DA:287,1
DA:290,1
DA:296,0
DA:297,0
DA:298,0
DA:301,1
DA:305,1
DA:306,2
DA:307,1
DA:308,2
DA:309,0
DA:311,1
DA:317,1
DA:318,1
DA:319,1
DA:320,1
DA:321,5
DA:326,1
DA:332,2
DA:333,2
DA:334,2
DA:336,1
DA:337,2
DA:340,5
DA:343,1
DA:344,1
DA:345,2
DA:346,1
DA:347,1
DA:348,3
DA:354,1
DA:360,1
DA:361,2
DA:362,1
DA:363,1
DA:364,1
DA:365,1
DA:366,3
DA:367,1
DA:370,1
DA:371,0
DA:376,1
DA:377,1
DA:378,2
DA:379,1
DA:380,1
DA:381,3
DA:386,1
DA:387,1
DA:388,3
DA:389,2
DA:390,3
DA:391,1
DA:392,1
DA:393,1
DA:394,1
DA:395,1
DA:396,3
DA:397,1
DA:398,1
DA:399,1
DA:404,1
DA:410,1
DA:411,1
DA:412,1
DA:413,4
DA:414,3
DA:417,1
DA:418,1
DA:419,6
DA:420,1
DA:421,1
DA:422,4
DA:427,1
DA:428,2
DA:429,0
DA:431,0
DA:433,0
DA:438,0
DA:439,0
DA:442,0
DA:443,0
DA:448,1
DA:449,1
DA:450,2
DA:451,2
DA:452,3
DA:453,1
DA:454,1
DA:455,1
DA:456,1
DA:457,3
DA:458,1
DA:461,1
DA:462,1
DA:467,1
DA:468,2
DA:469,2
DA:470,2
DA:471,6
DA:472,0
DA:477,2
DA:479,5
DA:480,1
DA:482,4
DA:483,4
DA:484,2
DA:488,0
DA:490,1
DA:491,2
DA:495,0
DA:496,0
DA:497,0
DA:498,0
DA:501,1
DA:502,2
LF:241
LH:180
end_of_record
SF:lib/src/view/chat_page.dart
DA:22,1
DA:41,1
DA:43,1
DA:44,1
DA:45,0
DA:46,0
DA:47,1
DA:48,2
DA:50,1
DA:51,1
DA:52,1
DA:53,1
DA:54,1
DA:56,2
DA:58,1
DA:59,1
DA:60,1
DA:61,1
DA:62,1
DA:63,1
DA:64,1
DA:71,1
DA:85,1
DA:86,1
DA:93,1
DA:95,1
DA:96,3
DA:99,1
DA:101,1
DA:102,2
DA:103,1
DA:104,1
DA:105,7
DA:106,2
DA:109,1
DA:111,2
DA:112,1
DA:115,1
DA:117,1
DA:118,1
DA:119,3
DA:120,1
DA:121,4
DA:122,1
DA:125,1
DA:130,1
DA:132,1
DA:134,1
DA:135,1
DA:136,1
DA:137,1
DA:138,2
DA:139,2
DA:140,2
DA:143,2
DA:144,1
DA:162,1
DA:163,2
DA:164,2
DA:165,2
DA:166,2
DA:175,1
DA:176,3
DA:177,5
DA:180,3
DA:183,1
DA:184,1
DA:185,1
DA:186,0
DA:189,2
DA:190,3
DA:192,1
DA:193,1
DA:194,2
DA:195,1
DA:202,1
DA:211,1
DA:213,1
DA:214,1
DA:215,2
DA:216,3
DA:217,3
DA:233,1
DA:235,1
DA:236,1
DA:238,1
DA:240,1
DA:241,1
DA:244,1
DA:252,1
DA:268,1
DA:270,3
DA:271,1
DA:272,0
DA:273,0
DA:274,0
DA:278,1
DA:280,3
DA:282,1
DA:283,1
DA:284,1
DA:285,1
DA:287,3
DA:288,1
DA:289,3
DA:290,2
DA:291,0
DA:293,0
DA:294,0
DA:295,0
DA:296,1
DA:301,3
DA:302,1
DA:306,0
DA:307,0
DA:308,0
DA:309,0
DA:314,0
DA:315,0
DA:316,0
DA:317,0
DA:319,0
DA:320,0
DA:321,0
DA:322,0
DA:327,0
DA:328,0
DA:329,0
DA:330,0
DA:331,0
DA:333,0
DA:341,3
DA:343,1
DA:345,1
DA:348,1
DA:349,1
DA:350,1
DA:352,1
DA:356,1
DA:358,1
DA:368,1
DA:372,1
DA:374,1
DA:375,1
DA:377,1
DA:379,1
DA:386,1
DA:387,1
LF:148
LH:120
end_of_record
SF:lib/src/view/file_preview_page.dart
DA:9,0
DA:13,0
DA:15,0
DA:16,0
DA:17,0
DA:18,0
DA:19,0
DA:20,0
DA:21,0
DA:23,0
DA:24,0
DA:26,0
DA:28,0
DA:35,0
DA:36,0
DA:38,0
DA:41,0
DA:42,0
DA:45,0
DA:46,0
DA:48,0
DA:49,0
DA:52,0
DA:53,0
DA:54,0
DA:55,0
DA:57,0
DA:58,0
DA:59,0
DA:60,0
DA:63,0
DA:64,0
DA:69,0
LF:33
LH:0
end_of_record
SF:lib/src/view/image_preview_page.dart
DA:6,0
DA:10,0
DA:12,0
DA:14,0
DA:15,0
DA:16,0
DA:18,0
DA:24,0
DA:26,0
DA:30,0
DA:31,0
DA:32,0
LF:12
LH:0
end_of_record
SF:lib/src/view/video_player_page.dart
DA:6,1
DA:7,1
DA:8,4
DA:9,4
DA:10,1
DA:11,3
DA:13,1
DA:16,1
DA:21,1
DA:22,1
DA:23,1
DA:28,0
DA:32,0
DA:33,0
DA:42,0
DA:44,0
DA:45,0
DA:46,0
DA:47,0
DA:48,0
DA:49,0
DA:50,0
DA:51,0
DA:55,0
DA:56,0
DA:57,0
DA:60,0
DA:62,0
DA:63,0
DA:64,0
DA:67,0
DA:68,0
DA:69,0
DA:72,0
DA:73,0
DA:75,0
DA:78,0
DA:79,0
DA:80,0
DA:81,0
DA:82,0
DA:88,0
DA:89,0
DA:90,0
DA:91,0
DA:95,0
DA:96,0
DA:97,0
DA:101,0
DA:103,0
DA:105,0
DA:106,0
DA:107,0
DA:108,0
DA:114,0
DA:116,0
DA:118,0
DA:122,0
DA:123,0
DA:124,0
DA:125,0
DA:130,0
DA:136,0
DA:137,0
DA:138,0
DA:139,0
DA:140,0
DA:141,0
DA:142,0
DA:143,0
DA:145,0
DA:147,0
DA:148,0
DA:149,0
DA:150,0
DA:151,0
DA:152,0
DA:153,0
DA:154,0
DA:155,0
DA:157,0
DA:158,0
DA:159,0
DA:160,0
DA:174,0
DA:176,0
DA:178,0
DA:179,0
DA:181,0
DA:183,0
DA:185,0
DA:187,0
DA:188,0
DA:189,0
DA:190,0
DA:191,0
DA:194,0
DA:195,0
DA:197,0
DA:198,0
DA:200,0
DA:201,0
DA:203,0
DA:204,0
DA:206,0
DA:207,0
DA:211,0
DA:212,0
DA:217,0
DA:219,0
DA:220,0
DA:222,0
DA:223,0
DA:224,0
DA:230,0
DA:231,0
DA:234,0
DA:235,0
DA:236,0
DA:242,0
DA:244,0
DA:245,0
LF:122
LH:11
end_of_record
SF:lib/src/view/chat_input.dart
DA:11,2
DA:28,2
DA:29,2
DA:38,2
DA:40,2
DA:41,7
DA:44,2
DA:46,4
DA:47,4
DA:48,2
DA:51,2
DA:53,2
DA:58,2
DA:60,2
DA:62,2
DA:63,2
DA:65,2
DA:67,2
DA:68,2
DA:70,2
DA:71,2
DA:72,2
DA:78,2
DA:79,2
DA:80,2
DA:81,2
DA:85,2
DA:94,2
DA:95,2
DA:99,0
DA:100,0
DA:101,0
DA:104,0
DA:108,2
DA:109,8
DA:115,2
DA:118,2
DA:119,2
DA:120,2
DA:123,2
DA:125,2
DA:126,2
DA:129,2
DA:131,2
DA:134,2
DA:136,2
DA:139,2
DA:141,2
DA:144,2
DA:157,2
DA:158,4
DA:159,8
DA:162,0
DA:164,1
DA:165,1
DA:166,1
DA:167,1
DA:173,2
DA:174,1
DA:175,1
DA:176,2
DA:177,1
DA:180,1
DA:181,1
DA:184,0
DA:185,0
DA:190,0
DA:192,0
DA:195,1
DA:196,2
DA:197,1
DA:198,2
DA:200,0
DA:202,0
DA:209,0
DA:210,0
DA:212,0
DA:214,0
DA:217,0
DA:218,0
DA:220,0
DA:222,0
DA:225,0
DA:226,0
DA:227,0
DA:229,0
DA:231,0
DA:234,1
DA:235,4
DA:238,1
DA:239,1
DA:240,2
DA:242,1
DA:243,1
DA:244,1
DA:245,1
DA:252,0
DA:253,0
DA:254,0
DA:255,0
DA:256,0
DA:257,0
DA:262,2
DA:272,2
DA:274,2
DA:275,2
DA:276,2
DA:277,2
DA:279,2
DA:281,2
DA:282,2
DA:283,2
DA:285,2
DA:287,2
DA:289,4
DA:293,4
LF:116
LH:86
end_of_record
