SF:lib/src/data/friend_user.dart
DA:4,5
DA:14,2
DA:15,2
DA:16,2
DA:17,4
DA:18,4
DA:19,4
DA:20,4
DA:21,4
DA:22,4
DA:34,12
DA:35,3
DA:36,0
DA:38,5
DA:39,10
DA:40,7
DA:43,2
DA:44,2
DA:45,2
DA:46,2
DA:47,2
DA:48,2
DA:49,2
DA:50,0
DA:51,2
DA:55,0
DA:56,0
DA:57,0
DA:58,0
DA:59,0
DA:60,0
DA:61,0
DA:62,0
DA:63,0
DA:67,2
DA:68,2
DA:69,2
DA:70,2
DA:72,0
DA:73,0
DA:78,0
DA:81,4
DA:83,2
DA:84,6
DA:90,2
DA:94,0
DA:95,0
LF:47
LH:31
end_of_record
SF:lib/src/view/widgets/friend_sort.dart
DA:36,2
DA:42,2
DA:43,2
DA:44,4
DA:45,4
DA:46,8
DA:49,4
DA:50,2
DA:51,0
DA:52,0
DA:53,0
DA:54,0
DA:57,0
DA:61,4
DA:62,3
DA:63,1
DA:64,0
DA:66,1
DA:67,1
DA:69,1
DA:72,2
DA:73,2
DA:74,2
DA:76,4
DA:81,2
DA:82,2
DA:83,2
DA:87,4
DA:88,2
DA:89,2
DA:91,2
DA:96,4
DA:97,4
DA:98,2
DA:99,2
DA:108,0
DA:109,0
DA:110,0
DA:114,0
DA:115,0
DA:116,0
DA:118,0
DA:119,0
DA:123,0
DA:127,0
DA:129,0
DA:133,2
DA:134,8
DA:137,2
DA:138,4
DA:139,4
DA:140,1
LF:52
LH:35
end_of_record
SF:lib/src/data/friend_repository.dart
DA:35,1
DA:39,1
DA:41,2
DA:42,2
DA:45,0
DA:51,0
DA:53,0
DA:59,0
DA:60,0
DA:66,1
DA:72,2
DA:74,1
DA:80,1
DA:81,1
DA:87,0
DA:89,0
DA:91,0
DA:93,0
DA:96,0
DA:98,0
DA:99,0
DA:102,1
DA:107,2
DA:109,1
DA:113,0
DA:115,0
DA:116,0
DA:118,0
DA:119,0
DA:123,0
DA:125,0
DA:128,0
DA:130,0
DA:134,1
DA:139,1
DA:140,0
DA:143,2
DA:144,1
DA:145,0
DA:147,2
DA:149,1
DA:152,0
DA:153,0
DA:154,0
DA:156,0
LF:45
LH:18
end_of_record
SF:lib/src/data/friend_request.dart
DA:8,5
DA:17,1
DA:18,1
DA:20,1
DA:21,1
DA:28,2
DA:29,2
DA:36,2
DA:41,2
DA:42,2
DA:43,0
DA:45,2
DA:46,2
DA:47,4
DA:48,6
DA:49,6
DA:50,4
DA:62,6
DA:63,6
DA:64,12
DA:66,1
DA:67,1
DA:68,1
DA:69,1
DA:70,1
DA:71,0
DA:72,1
DA:73,1
DA:77,0
DA:78,0
DA:79,0
DA:80,0
DA:81,0
DA:82,0
DA:83,0
DA:84,0
DA:89,1
DA:95,0
DA:96,0
DA:97,0
DA:100,0
DA:101,0
DA:102,0
DA:103,0
DA:111,0
DA:112,0
DA:115,2
DA:116,2
DA:117,4
DA:120,0
LF:50
LH:30
end_of_record
SF:lib/src/logic/friend_cubit.dart
DA:13,3
DA:17,3
DA:18,3
DA:19,0
DA:21,3
DA:22,0
DA:24,3
DA:25,0
DA:34,3
DA:35,9
DA:36,3
DA:39,0
DA:41,3
DA:43,6
DA:44,6
DA:45,6
DA:46,6
DA:48,3
DA:49,6
DA:50,3
DA:51,3
DA:52,3
DA:58,0
DA:59,0
DA:61,0
DA:67,0
DA:68,0
DA:69,0
DA:70,0
DA:71,0
DA:80,0
DA:82,0
DA:83,0
DA:84,0
DA:91,0
DA:92,0
DA:95,0
DA:101,0
DA:102,0
DA:105,0
DA:106,0
DA:108,0
DA:109,0
DA:110,0
DA:112,0
DA:113,0
DA:114,0
DA:115,0
DA:117,0
DA:118,0
DA:124,0
DA:125,0
DA:126,0
DA:127,0
DA:128,0
DA:135,1
DA:136,4
DA:139,2
DA:141,3
DA:142,1
DA:143,2
DA:144,1
DA:145,2
DA:146,2
DA:148,1
DA:149,2
DA:150,1
DA:151,2
DA:153,1
DA:154,2
DA:155,1
DA:156,2
DA:158,3
DA:159,2
DA:160,3
DA:165,0
DA:170,0
DA:171,0
DA:174,0
DA:176,0
DA:177,0
DA:178,0
DA:179,0
DA:180,0
DA:181,0
DA:184,0
DA:185,0
DA:191,0
DA:196,0
DA:197,0
DA:200,0
DA:201,0
DA:202,0
DA:207,0
DA:208,0
DA:209,0
DA:210,0
DA:211,0
DA:212,0
DA:213,0
DA:214,0
DA:215,0
DA:216,0
DA:219,0
DA:220,0
DA:221,0
DA:227,0
DA:228,0
DA:229,0
DA:230,0
DA:231,0
DA:238,0
DA:239,0
DA:242,1
DA:243,3
DA:244,1
DA:245,3
DA:248,0
DA:253,0
DA:254,0
DA:255,0
DA:256,0
DA:257,0
DA:262,0
DA:263,0
DA:264,0
DA:265,0
DA:266,0
DA:267,0
DA:268,0
DA:271,0
DA:276,0
DA:278,0
DA:280,0
DA:284,0
DA:285,0
DA:288,0
DA:289,0
DA:290,0
DA:291,0
DA:294,0
DA:296,0
DA:297,0
DA:298,0
DA:299,0
DA:301,0
DA:303,0
DA:306,0
DA:307,0
DA:310,0
DA:311,0
DA:312,0
DA:313,0
DA:314,0
DA:315,0
DA:316,0
DA:317,0
DA:319,0
DA:320,0
DA:321,0
DA:322,0
DA:328,0
DA:329,0
DA:332,0
DA:333,0
DA:334,0
DA:335,0
DA:336,0
DA:337,0
DA:342,0
DA:346,0
DA:347,0
DA:348,0
DA:349,0
DA:350,0
DA:351,0
DA:356,3
DA:358,3
DA:359,3
DA:360,3
DA:361,3
DA:365,1
DA:366,1
DA:367,1
DA:368,4
DA:370,1
DA:371,0
DA:373,1
DA:378,0
DA:384,0
DA:385,0
DA:386,0
DA:389,0
DA:392,1
DA:398,1
DA:399,1
DA:400,3
DA:401,0
DA:402,1
DA:405,1
DA:408,0
DA:409,0
DA:410,0
DA:411,0
DA:412,0
DA:413,0
DA:418,0
LF:207
LH:59
end_of_record
SF:lib/src/logic/friend_state.dart
DA:7,3
DA:31,1
DA:32,3
DA:33,5
DA:37,3
DA:38,15
DA:39,0
DA:41,3
DA:53,3
DA:54,3
DA:55,3
DA:56,3
DA:57,3
DA:58,1
DA:59,3
DA:60,3
DA:61,3
DA:63,1
DA:66,3
DA:71,3
DA:72,3
DA:73,3
DA:74,3
DA:75,3
DA:76,3
DA:77,3
DA:78,3
DA:79,3
DA:80,3
DA:81,3
DA:82,3
LF:31
LH:30
end_of_record
SF:lib/src/view/contacts_page.dart
DA:17,1
DA:32,1
DA:34,1
DA:36,1
DA:37,0
DA:38,0
DA:39,0
DA:40,0
DA:41,0
DA:42,0
DA:43,0
DA:44,0
DA:47,0
DA:48,0
DA:50,0
DA:53,0
DA:55,1
DA:56,1
DA:57,1
DA:58,0
DA:60,0
DA:62,2
DA:64,1
DA:65,1
DA:66,1
DA:70,1
DA:71,1
DA:72,1
DA:73,1
DA:80,1
DA:81,0
DA:83,1
DA:85,1
DA:86,1
DA:87,1
DA:88,1
DA:101,1
DA:106,1
DA:108,1
DA:114,1
DA:116,1
DA:134,1
DA:137,1
DA:138,1
DA:139,1
DA:142,1
DA:145,1
DA:148,1
DA:160,1
DA:170,1
DA:172,1
DA:173,1
DA:175,1
DA:176,1
DA:178,1
DA:179,1
DA:180,1
DA:183,2
DA:190,1
DA:204,1
DA:206,3
DA:208,1
DA:210,2
DA:211,2
DA:212,1
DA:213,0
DA:214,1
DA:215,1
DA:216,1
DA:222,1
DA:242,1
DA:244,1
DA:252,1
DA:254,1
DA:255,3
DA:258,0
DA:260,0
DA:261,0
DA:262,0
DA:266,1
DA:268,2
DA:269,1
DA:272,1
DA:274,2
DA:276,1
DA:279,2
DA:280,1
DA:281,1
DA:282,1
DA:283,1
DA:286,1
DA:288,1
DA:289,1
DA:290,2
DA:291,2
DA:294,1
DA:295,2
DA:296,2
DA:299,3
DA:301,1
DA:303,4
DA:307,0
DA:315,2
DA:320,1
DA:321,2
DA:328,1
DA:329,1
DA:331,1
DA:332,2
DA:333,1
DA:334,3
DA:339,1
DA:340,1
DA:349,5
DA:350,1
DA:351,2
DA:352,4
DA:354,4
DA:355,0
DA:367,1
DA:368,1
DA:369,1
DA:370,1
DA:371,2
DA:372,1
DA:373,2
DA:374,4
DA:378,1
DA:379,1
DA:381,3
DA:385,0
DA:386,0
DA:390,0
DA:391,0
DA:393,0
DA:402,0
DA:405,0
DA:407,0
DA:408,0
DA:409,0
DA:416,0
DA:417,0
DA:418,0
DA:419,0
DA:423,0
DA:425,0
DA:426,0
DA:427,0
DA:431,0
DA:436,1
DA:441,1
DA:443,1
DA:444,2
DA:445,1
DA:447,1
DA:448,1
DA:449,1
DA:451,1
DA:452,1
DA:453,1
DA:457,1
DA:499,1
DA:503,1
DA:505,1
DA:506,1
DA:508,1
DA:523,1
DA:528,1
DA:530,1
DA:531,2
DA:532,1
DA:534,1
DA:535,1
DA:539,1
DA:550,0
DA:554,0
DA:556,0
DA:557,0
DA:559,0
DA:561,0
DA:568,0
DA:569,0
DA:577,0
DA:578,0
DA:581,0
DA:584,0
DA:585,0
DA:596,1
DA:597,1
DA:598,2
DA:599,1
DA:600,1
DA:601,1
LF:193
LH:139
end_of_record
SF:lib/src/view/add_friend_page.dart
DA:10,1
DA:19,1
DA:21,1
DA:23,1
DA:29,1
DA:31,1
DA:32,1
DA:34,1
DA:40,1
DA:41,1
DA:43,1
DA:44,1
DA:45,1
DA:90,1
DA:91,1
DA:93,1
DA:94,0
DA:95,1
DA:97,1
DA:98,1
DA:99,1
DA:102,1
DA:104,1
DA:149,1
DA:150,1
DA:152,1
DA:154,1
DA:155,1
DA:157,1
DA:158,1
DA:159,1
DA:162,1
DA:164,1
DA:213,0
DA:214,0
DA:215,0
DA:216,0
DA:217,0
DA:219,0
LF:39
LH:32
end_of_record
SF:lib/src/view/friend_search_page.dart
DA:12,0
DA:16,0
DA:17,0
DA:25,0
DA:27,0
DA:28,0
DA:29,0
DA:30,0
DA:35,0
DA:37,0
DA:38,0
DA:39,0
DA:42,0
DA:43,0
DA:44,0
DA:47,0
DA:48,0
DA:51,0
DA:53,0
DA:55,0
DA:59,0
DA:61,0
DA:65,0
DA:67,0
DA:68,0
DA:69,0
DA:71,0
DA:77,0
DA:92,0
DA:93,0
DA:96,0
DA:97,0
DA:100,0
DA:101,0
DA:110,0
DA:111,0
DA:112,0
DA:113,0
DA:121,0
DA:122,0
DA:123,0
DA:128,0
DA:129,0
DA:131,0
DA:134,0
DA:137,0
DA:138,0
DA:139,0
DA:148,1
DA:150,0
DA:152,0
DA:168,1
DA:170,0
DA:172,0
DA:188,0
DA:192,0
DA:194,0
DA:195,0
DA:197,0
DA:199,0
DA:201,0
DA:208,0
DA:209,0
DA:225,0
DA:230,0
DA:232,0
DA:234,0
DA:235,0
DA:236,0
DA:237,0
DA:238,0
DA:239,0
DA:240,0
DA:241,0
DA:242,0
DA:248,0
DA:250,0
DA:251,0
DA:265,0
DA:266,0
DA:267,0
DA:268,0
DA:269,0
DA:271,0
DA:273,0
DA:281,0
DA:282,0
DA:285,0
DA:288,0
DA:291,0
LF:90
LH:2
end_of_record
SF:lib/src/view/widgets/friend_ui.dart
DA:21,2
DA:25,2
DA:27,2
DA:28,2
DA:42,3
DA:55,2
DA:57,2
DA:58,2
DA:59,2
DA:60,4
DA:61,6
DA:67,3
DA:80,2
DA:82,2
DA:84,2
DA:86,2
DA:87,2
DA:88,2
DA:90,2
DA:91,4
DA:92,2
DA:93,2
DA:102,10
DA:104,2
DA:105,2
DA:116,2
DA:122,2
DA:123,2
DA:127,0
DA:132,1
DA:145,2
DA:147,2
DA:149,2
DA:150,2
DA:151,2
DA:153,2
DA:155,2
DA:156,4
DA:157,6
DA:160,2
DA:161,2
DA:162,2
DA:163,2
DA:175,1
DA:186,0
DA:188,0
DA:190,0
DA:192,0
DA:193,0
DA:200,0
DA:203,0
DA:204,0
DA:212,0
DA:214,0
DA:215,0
DA:231,2
DA:244,1
DA:246,1
DA:247,2
DA:248,5
DA:252,1
DA:255,1
DA:256,1
DA:257,1
DA:259,3
LF:65
LH:53
end_of_record
SF:lib/src/view/friend_profile_page.dart
DA:13,1
DA:22,1
DA:24,1
DA:25,1
DA:26,2
DA:27,3
DA:28,1
DA:30,1
DA:35,1
DA:36,1
DA:37,1
DA:54,1
DA:55,1
DA:58,0
DA:59,0
DA:60,0
DA:63,1
DA:76,1
DA:78,1
DA:79,1
DA:82,1
DA:84,1
DA:87,1
DA:96,0
DA:97,0
DA:99,0
DA:100,0
DA:102,0
DA:103,0
DA:104,0
DA:105,0
DA:108,0
DA:109,0
DA:112,0
DA:118,0
DA:121,0
DA:122,0
DA:123,0
DA:131,1
DA:133,1
DA:135,1
DA:136,1
DA:137,1
DA:138,1
DA:140,1
DA:174,1
DA:178,1
DA:180,1
DA:182,1
DA:188,1
DA:189,1
DA:191,1
DA:193,1
DA:194,1
DA:200,1
DA:201,2
DA:202,3
DA:204,2
DA:208,1
DA:209,1
DA:211,1
DA:213,1
DA:214,1
DA:215,2
DA:227,1
DA:228,3
DA:237,5
DA:239,1
DA:240,3
DA:251,1
DA:252,2
DA:264,1
DA:268,1
DA:270,2
DA:278,0
DA:285,0
DA:303,1
DA:307,1
DA:309,1
DA:310,1
DA:311,1
DA:312,4
DA:319,1
DA:321,7
DA:330,1
DA:335,1
DA:337,1
DA:339,1
DA:341,1
DA:342,1
DA:344,1
DA:345,1
DA:353,1
DA:354,1
DA:355,1
DA:372,1
DA:382,1
DA:384,1
DA:396,2
DA:397,0
DA:400,0
DA:404,0
DA:405,0
DA:406,0
DA:413,2
DA:414,1
DA:417,1
DA:418,2
DA:419,1
DA:425,2
DA:426,1
DA:429,1
DA:430,1
DA:438,1
DA:439,2
DA:442,0
DA:448,1
DA:449,2
DA:450,3
DA:453,0
DA:454,0
DA:455,0
DA:456,0
DA:457,0
DA:465,0
DA:466,0
DA:467,0
DA:469,0
DA:476,1
DA:477,2
DA:478,3
DA:479,1
DA:482,0
DA:483,0
LF:134
LH:97
end_of_record
SF:lib/src/view/new_friends_page.dart
DA:11,1
DA:13,1
DA:15,1
DA:17,1
DA:23,1
DA:24,1
DA:25,1
DA:26,1
DA:27,0
DA:30,0
DA:31,0
DA:46,1
DA:49,2
DA:50,1
DA:53,1
DA:54,1
DA:56,2
DA:58,1
DA:59,1
DA:60,1
DA:63,2
DA:64,1
DA:65,1
DA:66,1
DA:67,1
DA:68,2
DA:69,2
DA:72,3
DA:73,1
DA:93,1
DA:98,1
DA:100,1
DA:101,2
DA:102,2
DA:103,1
DA:111,1
DA:115,1
DA:116,4
DA:117,1
DA:119,1
DA:120,1
DA:121,0
DA:122,1
DA:130,1
DA:131,1
DA:135,1
DA:136,1
DA:143,0
DA:150,2
DA:151,1
DA:157,1
DA:172,1
DA:173,3
DA:175,2
DA:176,1
DA:177,3
DA:179,3
DA:181,4
DA:183,3
DA:184,0
DA:185,0
DA:188,1
DA:191,0
DA:192,0
DA:194,0
DA:195,0
DA:197,0
DA:198,0
DA:199,0
DA:200,0
DA:203,0
DA:204,0
DA:207,0
DA:213,0
DA:214,0
LF:75
LH:55
end_of_record
SF:lib/src/view/widgets/friend_alphabet_index.dart
DA:9,1
DA:13,1
DA:14,1
DA:22,1
DA:24,1
DA:25,1
DA:28,1
DA:30,1
DA:31,1
DA:32,2
DA:34,3
DA:35,1
DA:36,2
DA:37,2
DA:39,1
DA:41,1
DA:44,1
DA:46,1
DA:47,1
DA:49,0
DA:50,0
DA:51,0
DA:52,0
DA:53,0
DA:55,0
DA:56,0
DA:57,0
DA:58,0
DA:59,1
DA:60,1
DA:61,1
DA:62,1
DA:63,1
DA:64,1
DA:65,1
DA:70,1
DA:71,2
DA:74,1
DA:76,1
DA:78,1
DA:79,2
DA:93,1
DA:94,0
DA:96,0
DA:97,0
DA:107,0
DA:108,0
DA:109,0
DA:110,0
DA:111,0
DA:112,0
DA:113,0
DA:114,0
DA:115,0
DA:116,0
DA:117,0
DA:121,0
DA:122,0
DA:125,0
DA:126,0
DA:127,0
DA:128,0
DA:131,0
DA:137,0
DA:141,0
DA:143,0
DA:144,0
DA:146,0
DA:155,0
DA:158,0
DA:159,0
DA:160,0
LF:72
LH:33
end_of_record
SF:lib/src/view/widgets/friend_avatar_tile.dart
DA:8,2
DA:21,2
DA:23,2
DA:25,2
DA:26,2
DA:27,2
DA:29,2
DA:30,2
DA:31,2
DA:32,4
DA:33,6
DA:35,2
DA:38,2
DA:39,2
DA:42,2
DA:43,2
DA:44,4
DA:54,7
DA:56,1
DA:57,1
DA:71,4
LF:21
LH:21
end_of_record
SF:lib/src/view/send_friend_request_page.dart
DA:11,0
DA:15,0
DA:16,0
DA:22,0
DA:24,0
DA:25,0
DA:28,0
DA:29,0
DA:30,0
DA:31,0
DA:33,0
DA:34,0
DA:38,0
DA:40,0
DA:42,0
DA:47,0
DA:48,0
DA:49,0
DA:50,0
DA:51,0
DA:52,0
DA:53,0
DA:55,0
DA:56,0
DA:57,0
DA:76,0
DA:78,0
DA:79,0
DA:81,0
DA:82,0
DA:83,0
DA:84,0
DA:85,0
DA:87,0
DA:90,0
DA:91,0
DA:93,0
DA:94,0
DA:95,0
DA:105,0
DA:106,0
DA:123,0
DA:125,0
DA:126,0
LF:44
LH:0
end_of_record
